<?xml version="1.0" encoding="UTF-8"?>
<testng-results ignored="0" total="1" passed="1" failed="0" skipped="0">
  <reporter-output>
  </reporter-output>
  <suite started-at="2021-11-19T14:04:54 BRT" name="Default suite" finished-at="2021-11-19T14:06:11 BRT" duration-ms="76840">
    <groups>
    </groups>
    <test started-at="2021-11-19T14:04:54 BRT" name="Default test" finished-at="2021-11-19T14:06:11 BRT" duration-ms="76840">
      <class name="com.test.SimplifiedPersonInteracao">
        <test-method is-config="true" signature="setUp()[pri:0, instance:com.test.SimplifiedPersonInteracao@2053d869]" started-at="2021-11-19T14:04:54 BRT" name="setUp" finished-at="2021-11-19T14:04:56 BRT" duration-ms="1790" status="PASS">
          <reporter-output>
          </reporter-output>
        </test-method> <!-- setUp -->
        <test-method signature="testValidationLogin()[pri:0, instance:com.test.SimplifiedPersonInteracao@2053d869]" started-at="2021-11-19T14:04:56 BRT" name="testValidationLogin" finished-at="2021-11-19T14:06:11 BRT" duration-ms="74911" status="PASS">
          <reporter-output>
          </reporter-output>
        </test-method> <!-- testValidationLogin -->
        <test-method is-config="true" signature="tearDown()[pri:0, instance:com.test.SimplifiedPersonInteracao@2053d869]" started-at="2021-11-19T14:06:11 BRT" name="tearDown" finished-at="2021-11-19T14:06:11 BRT" duration-ms="95" status="PASS">
          <reporter-output>
          </reporter-output>
        </test-method> <!-- tearDown -->
      </class> <!-- com.test.SimplifiedPersonInteracao -->
    </test> <!-- Default test -->
  </suite> <!-- Default suite -->
</testng-results>
